<?xml version="1.0" encoding="utf-8"?><testsuites name="pytest tests"><testsuite name="pytest" errors="0" failures="1" skipped="0" tests="30" time="6.068" timestamp="2026-05-01T07:56:18.174114+00:00" hostname="agent-env-1f77ee4b-e5d2-4b5f-8336-c89e102442e9"><testcase classname="backend.tests.test_iter6_profile_email.TestProfileValidation" name="test_missing_required_fields_returns_422" time="0.291" /><testcase classname="backend.tests.test_iter6_profile_email.TestProfileValidation" name="test_missing_some_required_fields_returns_422" time="0.148" /><testcase classname="backend.tests.test_iter6_profile_email.TestProfileValidation" name="test_permanent_without_truck_number_returns_422" time="0.101" /><testcase classname="backend.tests.test_iter6_profile_email.TestProfileValidation" name="test_invalid_assignment_type_returns_422" time="0.134" /><testcase classname="backend.tests.test_iter6_profile_email.TestProfileValidation" name="test_invalid_dispatcher_email_returns_422" time="0.144" /><testcase classname="backend.tests.test_iter6_profile_email.TestProfileValidation" name="test_slip_seat_without_truck_ok" time="0.112" /><testcase classname="backend.tests.test_iter6_profile_email.TestProfileValidation" name="test_valid_profile_with_dispatcher_email_persists" time="0.296" /><testcase classname="backend.tests.test_iter6_profile_email.TestEmailSendTripSheet" name="test_no_auth_returns_401" time="0.102" /><testcase classname="backend.tests.test_iter6_profile_email.TestEmailSendTripSheet" name="test_auth_no_resend_key_returns_503" time="0.204" /><testcase classname="backend.tests.test_iter6_profile_email.TestEmailSendTripSheet" name="test_missing_recipient_returns_422" time="0.133" /><testcase classname="backend.tests.test_iter6_profile_email.TestEmailSendTripSheet" name="test_missing_subject_returns_422" time="0.135" /><testcase classname="backend.tests.test_iter6_profile_email.TestEmailSendTripSheet" name="test_missing_html_body_returns_422" time="0.101" /><testcase classname="backend.tests.test_iter6_profile_email.TestEmailSendTripSheet" name="test_malformed_recipient_returns_422" time="0.100" /><testcase classname="backend.tests.test_iter6_profile_email.TestEmailSendTripSheet" name="test_more_than_four_attachments_returns_422" time="0.108" /><testcase classname="backend.tests.test_iter6_profile_email.TestEmailSendTripSheet" name="test_empty_attachment_filename_returns_422" time="0.099" /><testcase classname="backend.tests.backend_test" name="test_root_ok" time="0.134" /><testcase classname="backend.tests.backend_test" name="test_auth_me_unauth" time="0.097" /><testcase classname="backend.tests.backend_test" name="test_auth_me_bearer" time="0.100"><failure message="AssertionError: assert 'iter6.driver@rti.test' == 'driver.test@rti.test'&#10;  &#10;  - driver.test@rti.test&#10;  + iter6.driver@rti.test">backend/tests/backend_test.py:35: in test_auth_me_bearer
    assert j["email"] == "driver.test@rti.test"
E   AssertionError: assert 'iter6.driver@rti.test' == 'driver.test@rti.test'
E     
E     - driver.test@rti.test
E     + iter6.driver@rti.test</failure></testcase><testcase classname="backend.tests.backend_test" name="test_profile_save_and_get" time="0.198" /><testcase classname="backend.tests.backend_test" name="test_active_session" time="0.211" /><testcase classname="backend.tests.backend_test" name="test_update_session" time="1.307" /><testcase classname="backend.tests.backend_test" name="test_finish_not_found" time="0.098" /><testcase classname="backend.tests.backend_test" name="test_finish_session" time="0.121" /><testcase classname="backend.tests.backend_test" name="test_finish_already_finished_returns_409" time="0.100" /><testcase classname="backend.tests.backend_test" name="test_update_finished_session_returns_409" time="0.096" /><testcase classname="backend.tests.backend_test" name="test_reopen_finished_session" time="0.213" /><testcase classname="backend.tests.backend_test" name="test_reopen_not_found" time="0.103" /><testcase classname="backend.tests.backend_test" name="test_locations_bump_and_list" time="0.507" /><testcase classname="backend.tests.backend_test" name="test_trailers_bump_and_list" time="0.225" /><testcase classname="backend.tests.backend_test" name="test_cities_bump_and_list" time="0.218" /></testsuite></testsuites>