<?xml version="1.0" encoding="utf-8"?><testsuites name="pytest tests"><testsuite name="pytest" errors="0" failures="0" skipped="0" tests="5" time="1.011" timestamp="2026-05-01T12:43:16.015635+00:00" hostname="agent-env-1f77ee4b-e5d2-4b5f-8336-c89e102442e9"><testcase classname="backend.tests.test_iter8_pwa_weekly.TestStatsWeekShape" name="test_unauth_401" time="0.284" /><testcase classname="backend.tests.test_iter8_pwa_weekly.TestStatsWeekShape" name="test_empty_user_returns_7_buckets" time="0.171" /><testcase classname="backend.tests.test_iter8_pwa_weekly.TestStatsWeekSeeded" name="test_seeded_distribution" time="0.132" /><testcase classname="backend.tests.test_iter8_pwa_weekly.TestPwaAssets" name="test_manifest_reachable_and_valid" time="0.147" /><testcase classname="backend.tests.test_iter8_pwa_weekly.TestPwaAssets" name="test_service_worker_versioned" time="0.146" /></testsuite></testsuites>