<?xml version="1.0" encoding="utf-8"?><testsuites name="pytest tests"><testsuite name="pytest" errors="0" failures="0" skipped="0" tests="9" time="1.943" timestamp="2026-05-01T13:12:16.266492+00:00" hostname="agent-env-1f77ee4b-e5d2-4b5f-8336-c89e102442e9"><testcase classname="backend.tests.test_iter9_mileage_recap.TestProfileMileageMode" name="test_valid_modes_accepted[workflow]" time="0.344" /><testcase classname="backend.tests.test_iter9_mileage_recap.TestProfileMileageMode" name="test_valid_modes_accepted[segment]" time="0.146" /><testcase classname="backend.tests.test_iter9_mileage_recap.TestProfileMileageMode" name="test_invalid_mode_422" time="0.109" /><testcase classname="backend.tests.test_iter9_mileage_recap.TestFinishSegmentAutoSum" name="test_segment_mode_auto_sums_when_total_missing" time="0.201" /><testcase classname="backend.tests.test_iter9_mileage_recap.TestFinishSegmentAutoSum" name="test_segment_mode_422_when_no_segments_and_no_total" time="0.198" /><testcase classname="backend.tests.test_iter9_mileage_recap.TestFinishSegmentAutoSum" name="test_workflow_mode_still_needs_total_trip_miles" time="0.273" /><testcase classname="backend.tests.test_iter9_mileage_recap.TestTripRecap" name="test_recap_shape_with_milestone_and_badge" time="0.281" /><testcase classname="backend.tests.test_iter9_mileage_recap.TestTripRecap" name="test_recap_missing_session_404" time="0.128" /><testcase classname="backend.tests.test_iter9_mileage_recap.TestTripRecap" name="test_recap_unauth_401" time="0.112" /></testsuite></testsuites>