<?xml version="1.0" encoding="utf-8"?><testsuites name="pytest tests"><testsuite name="pytest" errors="0" failures="0" skipped="0" tests="19" time="3.213" timestamp="2026-05-01T12:27:38.533478+00:00" hostname="agent-env-1f77ee4b-e5d2-4b5f-8336-c89e102442e9"><testcase classname="backend.tests.test_iter7_role_achievements_miles.TestAuthRole" name="test_unauth_rejected" time="0.305" /><testcase classname="backend.tests.test_iter7_role_achievements_miles.TestAuthRole" name="test_valid_roles_accepted[company_driver]" time="0.181" /><testcase classname="backend.tests.test_iter7_role_achievements_miles.TestAuthRole" name="test_valid_roles_accepted[owner_operator]" time="0.115" /><testcase classname="backend.tests.test_iter7_role_achievements_miles.TestAuthRole" name="test_valid_roles_accepted[lto]" time="0.135" /><testcase classname="backend.tests.test_iter7_role_achievements_miles.TestAuthRole" name="test_invalid_role_422[DRIVER]" time="0.139" /><testcase classname="backend.tests.test_iter7_role_achievements_miles.TestAuthRole" name="test_invalid_role_422[admin]" time="0.141" /><testcase classname="backend.tests.test_iter7_role_achievements_miles.TestAuthRole" name="test_invalid_role_422[]" time="0.143" /><testcase classname="backend.tests.test_iter7_role_achievements_miles.TestAuthRole" name="test_invalid_role_422[  ]" time="0.106" /><testcase classname="backend.tests.test_iter7_role_achievements_miles.TestAuthRole" name="test_invalid_role_422[null]" time="0.101" /><testcase classname="backend.tests.test_iter7_role_achievements_miles.TestAuthRole" name="test_missing_role_field_422" time="0.148" /><testcase classname="backend.tests.test_iter7_role_achievements_miles.TestProfileNewShape" name="test_full_new_shape_persists" time="0.209" /><testcase classname="backend.tests.test_iter7_role_achievements_miles.TestProfileNewShape" name="test_legacy_alias_slip_seating" time="0.114" /><testcase classname="backend.tests.test_iter7_role_achievements_miles.TestProfileNewShape" name="test_negative_years_rejected" time="0.162" /><testcase classname="backend.tests.test_iter7_role_achievements_miles.TestProfileNewShape" name="test_negative_lifetime_miles_rejected" time="0.107" /><testcase classname="backend.tests.test_iter7_role_achievements_miles.TestTripFinishMilesGuard" name="test_finish_without_miles_422" time="0.154" /><testcase classname="backend.tests.test_iter7_role_achievements_miles.TestTripFinishMilesGuard" name="test_finish_with_zero_miles_422" time="0.198" /><testcase classname="backend.tests.test_iter7_role_achievements_miles.TestTripFinishMilesGuard" name="test_finish_with_positive_miles_200" time="0.260" /><testcase classname="backend.tests.test_iter7_role_achievements_miles.TestStatsMiles" name="test_stats_includes_miles_fields" time="0.176" /><testcase classname="backend.tests.test_iter7_role_achievements_miles.TestAchievements" name="test_achievements_shape" time="0.165" /></testsuite></testsuites>