<?xml version="1.0" encoding="utf-8"?><testsuites name="pytest tests"><testsuite name="pytest" errors="0" failures="0" skipped="0" tests="15" time="4.368" timestamp="2026-04-30T21:20:55.941234+00:00" hostname="agent-env-1f77ee4b-e5d2-4b5f-8336-c89e102442e9"><testcase classname="backend.tests.backend_test" name="test_root_ok" time="0.164" /><testcase classname="backend.tests.backend_test" name="test_auth_me_unauth" time="0.153" /><testcase classname="backend.tests.backend_test" name="test_auth_me_bearer" time="0.353" /><testcase classname="backend.tests.backend_test" name="test_profile_save_and_get" time="0.268" /><testcase classname="backend.tests.backend_test" name="test_active_session" time="0.240" /><testcase classname="backend.tests.backend_test" name="test_update_session" time="1.338" /><testcase classname="backend.tests.backend_test" name="test_finish_not_found" time="0.111" /><testcase classname="backend.tests.backend_test" name="test_finish_session" time="0.118" /><testcase classname="backend.tests.backend_test" name="test_finish_already_finished_returns_409" time="0.109" /><testcase classname="backend.tests.backend_test" name="test_update_finished_session_returns_409" time="0.121" /><testcase classname="backend.tests.backend_test" name="test_reopen_finished_session" time="0.227" /><testcase classname="backend.tests.backend_test" name="test_reopen_not_found" time="0.119" /><testcase classname="backend.tests.backend_test" name="test_locations_bump_and_list" time="0.466" /><testcase classname="backend.tests.backend_test" name="test_trailers_bump_and_list" time="0.252" /><testcase classname="backend.tests.backend_test" name="test_cities_bump_and_list" time="0.228" /></testsuite></testsuites>