<?xml version="1.0" encoding="utf-8"?><testsuites name="pytest tests"><testsuite name="pytest" errors="0" failures="0" skipped="0" tests="15" time="4.386" timestamp="2026-04-30T21:10:31.972074+00:00" hostname="agent-env-1f77ee4b-e5d2-4b5f-8336-c89e102442e9"><testcase classname="backend.tests.backend_test" name="test_root_ok" time="0.171" /><testcase classname="backend.tests.backend_test" name="test_auth_me_unauth" time="0.118" /><testcase classname="backend.tests.backend_test" name="test_auth_me_bearer" time="0.170" /><testcase classname="backend.tests.backend_test" name="test_profile_save_and_get" time="0.244" /><testcase classname="backend.tests.backend_test" name="test_active_session" time="0.240" /><testcase classname="backend.tests.backend_test" name="test_update_session" time="1.324" /><testcase classname="backend.tests.backend_test" name="test_finish_not_found" time="0.121" /><testcase classname="backend.tests.backend_test" name="test_finish_session" time="0.143" /><testcase classname="backend.tests.backend_test" name="test_finish_already_finished_returns_409" time="0.120" /><testcase classname="backend.tests.backend_test" name="test_update_finished_session_returns_409" time="0.133" /><testcase classname="backend.tests.backend_test" name="test_reopen_finished_session" time="0.221" /><testcase classname="backend.tests.backend_test" name="test_reopen_not_found" time="0.129" /><testcase classname="backend.tests.backend_test" name="test_locations_bump_and_list" time="0.486" /><testcase classname="backend.tests.backend_test" name="test_trailers_bump_and_list" time="0.243" /><testcase classname="backend.tests.backend_test" name="test_cities_bump_and_list" time="0.429" /></testsuite></testsuites>